<?xml version="1.0" encoding="ISO-8859-1" standalone="no"?>
<!DOCTYPE log SYSTEM "logger.dtd">
<log>
<record>
  <date>2016-09-15T18:28:10</date>
  <millis>1473978490199</millis>
  <sequence>0</sequence>
  <logger>jMetal</logger>
  <level>INFO</level>
  <class>jmetal.metaheuristics.ibea.IBEA_main</class>
  <method>main</method>
  <thread>1</thread>
  <message>Total execution time: 1195946ms</message>
</record>
<record>
  <date>2016-09-15T18:28:16</date>
  <millis>1473978496202</millis>
  <sequence>1</sequence>
  <logger>jMetal</logger>
  <level>INFO</level>
  <class>jmetal.metaheuristics.ibea.IBEA_main</class>
  <method>main</method>
  <thread>1</thread>
  <message>Variables values have been writen to file VAR</message>
</record>
<record>
  <date>2016-09-15T18:28:16</date>
  <millis>1473978496552</millis>
  <sequence>2</sequence>
  <logger>jMetal</logger>
  <level>INFO</level>
  <class>jmetal.metaheuristics.ibea.IBEA_main</class>
  <method>main</method>
  <thread>1</thread>
  <message>Objectives values have been writen to file FUN</message>
</record>
</log>
